2021-11-14 19:22:09.338 [main] ERROR site.error - Сайт не найден
java.net.UnknownHostException: www.simbirsof.com
	at sun.nio.ch.NioSocketImpl.connect(NioSocketImpl.java:567) ~[?:?]
	at java.net.SocksSocketImpl.connect(SocksSocketImpl.java:327) ~[?:?]
	at java.net.Socket.connect(Socket.java:633) ~[?:?]
	at sun.security.ssl.SSLSocketImpl.connect(SSLSocketImpl.java:299) ~[?:?]
	at sun.net.NetworkClient.doConnect(NetworkClient.java:178) ~[?:?]
	at sun.net.www.http.HttpClient.openServer(HttpClient.java:498) ~[?:?]
	at sun.net.www.http.HttpClient.openServer(HttpClient.java:603) ~[?:?]
	at sun.net.www.protocol.https.HttpsClient.<init>(HttpsClient.java:266) ~[?:?]
	at sun.net.www.protocol.https.HttpsClient.New(HttpsClient.java:380) ~[?:?]
	at sun.net.www.protocol.https.AbstractDelegateHttpsURLConnection.getNewHttpClient(AbstractDelegateHttpsURLConnection.java:189) ~[?:?]
	at sun.net.www.protocol.http.HttpURLConnection.plainConnect0(HttpURLConnection.java:1242) ~[?:?]
	at sun.net.www.protocol.http.HttpURLConnection.plainConnect(HttpURLConnection.java:1128) ~[?:?]
	at sun.net.www.protocol.https.AbstractDelegateHttpsURLConnection.connect(AbstractDelegateHttpsURLConnection.java:175) ~[?:?]
	at sun.net.www.protocol.https.HttpsURLConnectionImpl.connect(HttpsURLConnectionImpl.java:142) ~[?:?]
	at org.jsoup.helper.HttpConnection$Response.execute(HttpConnection.java:859) ~[jsoup-1.14.3.jar:?]
	at org.jsoup.helper.HttpConnection$Response.execute(HttpConnection.java:829) ~[jsoup-1.14.3.jar:?]
	at org.jsoup.helper.HttpConnection.execute(HttpConnection.java:366) ~[jsoup-1.14.3.jar:?]
	at org.jsoup.helper.HttpConnection.get(HttpConnection.java:353) ~[jsoup-1.14.3.jar:?]
	at TextContentOfTheSite.getContentInArrayString(TextContentOfTheSite.java:30) [classes/:?]
	at TextContentOfTheSite.<init>(TextContentOfTheSite.java:20) [classes/:?]
	at Main.main(Main.java:6) [classes/:?]
